# JRE version: Java(TM) SE Runtime Environment (8.0_231-b11) (build 1.8.0_231-b11)
# Java VM: Java HotSpot(TM) 64-Bit Server VM (25.231-b11 mixed mode windows-amd64 compressed oops)
Heap:
 PSYoungGen      total 398848K, used 343419K [0x00000000d5c00000, 0x00000000f2c80000, 0x0000000100000000)
  eden space 360960K, 84% used [0x00000000d5c00000,0x00000000e8664258,0x00000000ebc80000)
  from space 37888K, 99% used [0x00000000eee00000,0x00000000f12fad88,0x00000000f1300000)
  to   space 50688K, 0% used [0x00000000ebc80000,0x00000000ebc80000,0x00000000eee00000)
 ParOldGen       total 210944K, used 115487K [0x0000000081400000, 0x000000008e200000, 0x00000000d5c00000)
  object space 210944K, 54% used [0x0000000081400000,0x00000000884c7f80,0x000000008e200000)
 Metaspace       used 78210K, capacity 79321K, committed 80000K, reserved 1120256K
  class space    used 8970K, capacity 9233K, committed 9344K, reserved 1048576K
GC Heap History (10 events):
Event: 14.309 GC heap before
{Heap before GC invocations=21 (full 2):
 PSYoungGen      total 287232K, used 287228K [0x00000000d5c00000, 0x00000000ea500000, 0x0000000100000000)
  eden space 267776K, 100% used [0x00000000d5c00000,0x00000000e6180000,0x00000000e6180000)
  from space 19456K, 99% used [0x00000000e8280000,0x00000000e957f128,0x00000000e9580000)
  to   space 33792K, 0% used [0x00000000e6180000,0x00000000e6180000,0x00000000e8280000)
 ParOldGen       total 122880K, used 77694K [0x0000000081400000, 0x0000000088c00000, 0x00000000d5c00000)
  object space 122880K, 63% used [0x0000000081400000,0x0000000085fdf8b0,0x0000000088c00000)
 Metaspace       used 54622K, capacity 55233K, committed 55680K, reserved 1097728K
  class space    used 6532K, capacity 6693K, committed 6784K, reserved 1048576K
Event: 14.348 GC heap after
Heap after GC invocations=21 (full 2):
 PSYoungGen      total 301568K, used 29151K [0x00000000d5c00000, 0x00000000ee200000, 0x0000000100000000)
  eden space 267776K, 0% used [0x00000000d5c00000,0x00000000d5c00000,0x00000000e6180000)
  from space 33792K, 86% used [0x00000000e6180000,0x00000000e7df7f50,0x00000000e8280000)
  to   space 37888K, 0% used [0x00000000ebd00000,0x00000000ebd00000,0x00000000ee200000)
 ParOldGen       total 122880K, used 96526K [0x0000000081400000, 0x0000000088c00000, 0x00000000d5c00000)
  object space 122880K, 78% used [0x0000000081400000,0x0000000087243b90,0x0000000088c00000)
 Metaspace       used 54622K, capacity 55233K, committed 55680K, reserved 1097728K
  class space    used 6532K, capacity 6693K, committed 6784K, reserved 1048576K
}
Event: 15.205 GC heap before
{Heap before GC invocations=22 (full 2):
 PSYoungGen      total 301568K, used 77204K [0x00000000d5c00000, 0x00000000ee200000, 0x0000000100000000)
  eden space 267776K, 17% used [0x00000000d5c00000,0x00000000d8aed248,0x00000000e6180000)
  from space 33792K, 86% used [0x00000000e6180000,0x00000000e7df7f50,0x00000000e8280000)
  to   space 37888K, 0% used [0x00000000ebd00000,0x00000000ebd00000,0x00000000ee200000)
 ParOldGen       total 122880K, used 96526K [0x0000000081400000, 0x0000000088c00000, 0x00000000d5c00000)
  object space 122880K, 78% used [0x0000000081400000,0x0000000087243b90,0x0000000088c00000)
 Metaspace       used 56799K, capacity 57465K, committed 57816K, reserved 1099776K
  class space    used 6792K, capacity 6999K, committed 7040K, reserved 1048576K
Event: 15.234 GC heap after
Heap after GC invocations=22 (full 2):
 PSYoungGen      total 361984K, used 3380K [0x00000000d5c00000, 0x00000000ee300000, 0x0000000100000000)
  eden space 324096K, 0% used [0x00000000d5c00000,0x00000000d5c00000,0x00000000e9880000)
  from space 37888K, 8% used [0x00000000ebd00000,0x00000000ec04d2c8,0x00000000ee200000)
  to   space 37376K, 0% used [0x00000000e9880000,0x00000000e9880000,0x00000000ebd00000)
 ParOldGen       total 122880K, used 111490K [0x0000000081400000, 0x0000000088c00000, 0x00000000d5c00000)
  object space 122880K, 90% used [0x0000000081400000,0x00000000880e0970,0x0000000088c00000)
 Metaspace       used 56799K, capacity 57465K, committed 57816K, reserved 1099776K
  class space    used 6792K, capacity 6999K, committed 7040K, reserved 1048576K
}
Event: 15.234 GC heap before
{Heap before GC invocations=23 (full 3):
 PSYoungGen      total 361984K, used 3380K [0x00000000d5c00000, 0x00000000ee300000, 0x0000000100000000)
  eden space 324096K, 0% used [0x00000000d5c00000,0x00000000d5c00000,0x00000000e9880000)
  from space 37888K, 8% used [0x00000000ebd00000,0x00000000ec04d2c8,0x00000000ee200000)
  to   space 37376K, 0% used [0x00000000e9880000,0x00000000e9880000,0x00000000ebd00000)
 ParOldGen       total 122880K, used 111490K [0x0000000081400000, 0x0000000088c00000, 0x00000000d5c00000)
  object space 122880K, 90% used [0x0000000081400000,0x00000000880e0970,0x0000000088c00000)
 Metaspace       used 56799K, capacity 57465K, committed 57816K, reserved 1099776K
  class space    used 6792K, capacity 6999K, committed 7040K, reserved 1048576K
Event: 15.629 GC heap after
Heap after GC invocations=23 (full 3):
 PSYoungGen      total 361984K, used 0K [0x00000000d5c00000, 0x00000000ee300000, 0x0000000100000000)
  eden space 324096K, 0% used [0x00000000d5c00000,0x00000000d5c00000,0x00000000e9880000)
  from space 37888K, 0% used [0x00000000ebd00000,0x00000000ebd00000,0x00000000ee200000)
  to   space 37376K, 0% used [0x00000000e9880000,0x00000000e9880000,0x00000000ebd00000)
 ParOldGen       total 210944K, used 98222K [0x0000000081400000, 0x000000008e200000, 0x00000000d5c00000)
  object space 210944K, 46% used [0x0000000081400000,0x00000000873eba78,0x000000008e200000)
 Metaspace       used 56799K, capacity 57465K, committed 57816K, reserved 1099776K
  class space    used 6792K, capacity 6999K, committed 7040K, reserved 1048576K
}
Event: 19.783 GC heap before
{Heap before GC invocations=24 (full 3):
 PSYoungGen      total 361984K, used 324096K [0x00000000d5c00000, 0x00000000ee300000, 0x0000000100000000)
  eden space 324096K, 100% used [0x00000000d5c00000,0x00000000e9880000,0x00000000e9880000)
  from space 37888K, 0% used [0x00000000ebd00000,0x00000000ebd00000,0x00000000ee200000)
  to   space 37376K, 0% used [0x00000000e9880000,0x00000000e9880000,0x00000000ebd00000)
 ParOldGen       total 210944K, used 98222K [0x0000000081400000, 0x000000008e200000, 0x00000000d5c00000)
  object space 210944K, 46% used [0x0000000081400000,0x00000000873eba78,0x000000008e200000)
 Metaspace       used 65743K, capacity 66577K, committed 67200K, reserved 1107968K
  class space    used 7969K, capacity 8207K, committed 8320K, reserved 1048576K
Event: 19.807 GC heap after
Heap after GC invocations=24 (full 3):
 PSYoungGen      total 361472K, used 20925K [0x00000000d5c00000, 0x00000000f1300000, 0x0000000100000000)
  eden space 324096K, 0% used [0x00000000d5c00000,0x00000000d5c00000,0x00000000e9880000)
  from space 37376K, 55% used [0x00000000e9880000,0x00000000eacef750,0x00000000ebd00000)
  to   space 37888K, 0% used [0x00000000eee00000,0x00000000eee00000,0x00000000f1300000)
 ParOldGen       total 210944K, used 98230K [0x0000000081400000, 0x000000008e200000, 0x00000000d5c00000)
  object space 210944K, 46% used [0x0000000081400000,0x00000000873eda78,0x000000008e200000)
 Metaspace       used 65743K, capacity 66577K, committed 67200K, reserved 1107968K
  class space    used 7969K, capacity 8207K, committed 8320K, reserved 1048576K
}
Event: 35.237 GC heap before
{Heap before GC invocations=25 (full 3):
 PSYoungGen      total 361472K, used 345021K [0x00000000d5c00000, 0x00000000f1300000, 0x0000000100000000)
  eden space 324096K, 100% used [0x00000000d5c00000,0x00000000e9880000,0x00000000e9880000)
  from space 37376K, 55% used [0x00000000e9880000,0x00000000eacef750,0x00000000ebd00000)
  to   space 37888K, 0% used [0x00000000eee00000,0x00000000eee00000,0x00000000f1300000)
 ParOldGen       total 210944K, used 98230K [0x0000000081400000, 0x000000008e200000, 0x00000000d5c00000)
  object space 210944K, 46% used [0x0000000081400000,0x00000000873eda78,0x000000008e200000)
 Metaspace       used 76507K, capacity 77491K, committed 78080K, reserved 1118208K
  class space    used 8939K, capacity 9178K, committed 9216K, reserved 1048576K
Event: 35.601 GC heap after
Heap after GC invocations=25 (full 3):
 PSYoungGen      total 398848K, used 37867K [0x00000000d5c00000, 0x00000000f2c80000, 0x0000000100000000)
  eden space 360960K, 0% used [0x00000000d5c00000,0x00000000d5c00000,0x00000000ebc80000)
  from space 37888K, 99% used [0x00000000eee00000,0x00000000f12fad88,0x00000000f1300000)
  to   space 50688K, 0% used [0x00000000ebc80000,0x00000000ebc80000,0x00000000eee00000)
 ParOldGen       total 210944K, used 115487K [0x0000000081400000, 0x000000008e200000, 0x00000000d5c00000)
  object space 210944K, 54% used [0x0000000081400000,0x00000000884c7f80,0x000000008e200000)
 Metaspace       used 76507K, capacity 77491K, committed 78080K, reserved 1118208K
  class space    used 8939K, capacity 9178K, committed 9216K, reserved 1048576K
}

